# JRE version: OpenJDK Runtime Environment (21.0.6) (build 21.0.6+-13391695-b895.109)
# Java VM: OpenJDK 64-Bit Server VM (21.0.6+-13391695-b895.109, mixed mode, tiered, compressed oops, compressed class ptrs, g1 gc, windows-amd64)
GC Precious Log:
 CardTable entry size: 512
 Card Set container configuration: InlinePtr #cards 5 size 8 Array Of Cards #cards 12 size 40 Howl #buckets 4 coarsen threshold 1843 Howl Bitmap #cards 512 size 80 coarsen threshold 460 Card regions per heap region 1 cards per card region 2048
 CPUs: 16 total, 16 available
 Memory: 7860M
 Large Page Support: Disabled
 NUMA Support: Disabled
 Compressed Oops: Enabled (32-bit)
 Heap Region Size: 1M
 Heap Min Capacity: 8M
 Heap Initial Capacity: 124M
 Heap Max Capacity: 1966M
 Pre-touch: Disabled
 Parallel Workers: 13
 Concurrent Workers: 3
 Concurrent Refinement Workers: 13
 Periodic GC: Disabled
Heap:
 garbage-first heap   total 78848K, used 49911K [0x0000000085200000, 0x0000000100000000)
  region size 1024K, 2 young (2048K), 2 survivors (2048K)
 Metaspace       used 64104K, committed 64384K, reserved 1114112K
  class space    used 7168K, committed 7296K, reserved 1048576K
GC Heap History (20 events):
Event: 39.916 GC heap after
{Heap after GC invocations=12 (full 0):
 garbage-first heap   total 41984K, used 24173K [0x0000000085200000, 0x0000000100000000)
  region size 1024K, 2 young (2048K), 2 survivors (2048K)
 Metaspace       used 47311K, committed 47616K, reserved 1114112K
  class space    used 5550K, committed 5696K, reserved 1048576K
}
Event: 42.047 GC heap before
{Heap before GC invocations=12 (full 0):
 garbage-first heap   total 41984K, used 35437K [0x0000000085200000, 0x0000000100000000)
  region size 1024K, 14 young (14336K), 2 survivors (2048K)
 Metaspace       used 50147K, committed 50496K, reserved 1114112K
  class space    used 5811K, committed 5952K, reserved 1048576K
}
Event: 42.056 GC heap after
{Heap after GC invocations=13 (full 0):
 garbage-first heap   total 41984K, used 24950K [0x0000000085200000, 0x0000000100000000)
  region size 1024K, 2 young (2048K), 2 survivors (2048K)
 Metaspace       used 50147K, committed 50496K, reserved 1114112K
  class space    used 5811K, committed 5952K, reserved 1048576K
}
Event: 43.593 GC heap before
{Heap before GC invocations=13 (full 0):
 garbage-first heap   total 41984K, used 35190K [0x0000000085200000, 0x0000000100000000)
  region size 1024K, 13 young (13312K), 2 survivors (2048K)
 Metaspace       used 52591K, committed 52864K, reserved 1114112K
  class space    used 6076K, committed 6208K, reserved 1048576K
}
Event: 43.600 GC heap after
{Heap after GC invocations=14 (full 0):
 garbage-first heap   total 41984K, used 26309K [0x0000000085200000, 0x0000000100000000)
  region size 1024K, 2 young (2048K), 2 survivors (2048K)
 Metaspace       used 52591K, committed 52864K, reserved 1114112K
  class space    used 6076K, committed 6208K, reserved 1048576K
}
Event: 43.956 GC heap before
{Heap before GC invocations=15 (full 0):
 garbage-first heap   total 46080K, used 34501K [0x0000000085200000, 0x0000000100000000)
  region size 1024K, 11 young (11264K), 2 survivors (2048K)
 Metaspace       used 54665K, committed 54912K, reserved 1114112K
  class space    used 6306K, committed 6400K, reserved 1048576K
}
Event: 43.969 GC heap after
{Heap after GC invocations=16 (full 0):
 garbage-first heap   total 55296K, used 27140K [0x0000000085200000, 0x0000000100000000)
  region size 1024K, 1 young (1024K), 1 survivors (1024K)
 Metaspace       used 54665K, committed 54912K, reserved 1114112K
  class space    used 6306K, committed 6400K, reserved 1048576K
}
Event: 44.101 GC heap before
{Heap before GC invocations=16 (full 0):
 garbage-first heap   total 55296K, used 47620K [0x0000000085200000, 0x0000000100000000)
  region size 1024K, 21 young (21504K), 1 survivors (1024K)
 Metaspace       used 54863K, committed 55168K, reserved 1114112K
  class space    used 6318K, committed 6464K, reserved 1048576K
}
Event: 44.111 GC heap after
{Heap after GC invocations=17 (full 0):
 garbage-first heap   total 58368K, used 35191K [0x0000000085200000, 0x0000000100000000)
  region size 1024K, 3 young (3072K), 3 survivors (3072K)
 Metaspace       used 54863K, committed 55168K, reserved 1114112K
  class space    used 6318K, committed 6464K, reserved 1048576K
}
Event: 44.610 GC heap before
{Heap before GC invocations=17 (full 0):
 garbage-first heap   total 58368K, used 48503K [0x0000000085200000, 0x0000000100000000)
  region size 1024K, 16 young (16384K), 3 survivors (3072K)
 Metaspace       used 55726K, committed 56064K, reserved 1114112K
  class space    used 6366K, committed 6528K, reserved 1048576K
}
Event: 44.618 GC heap after
{Heap after GC invocations=18 (full 0):
 garbage-first heap   total 58368K, used 38912K [0x0000000085200000, 0x0000000100000000)
  region size 1024K, 2 young (2048K), 2 survivors (2048K)
 Metaspace       used 55726K, committed 56064K, reserved 1114112K
  class space    used 6366K, committed 6528K, reserved 1048576K
}
Event: 46.055 GC heap before
{Heap before GC invocations=19 (full 0):
 garbage-first heap   total 65536K, used 50176K [0x0000000085200000, 0x0000000100000000)
  region size 1024K, 13 young (13312K), 2 survivors (2048K)
 Metaspace       used 58462K, committed 58816K, reserved 1114112K
  class space    used 6644K, committed 6784K, reserved 1048576K
}
Event: 46.061 GC heap after
{Heap after GC invocations=20 (full 0):
 garbage-first heap   total 65536K, used 40385K [0x0000000085200000, 0x0000000100000000)
  region size 1024K, 1 young (1024K), 1 survivors (1024K)
 Metaspace       used 58462K, committed 58816K, reserved 1114112K
  class space    used 6644K, committed 6784K, reserved 1048576K
}
Event: 47.001 GC heap before
{Heap before GC invocations=20 (full 0):
 garbage-first heap   total 65536K, used 55745K [0x0000000085200000, 0x0000000100000000)
  region size 1024K, 16 young (16384K), 1 survivors (1024K)
 Metaspace       used 61103K, committed 61376K, reserved 1114112K
  class space    used 6976K, committed 7104K, reserved 1048576K
}
Event: 47.009 GC heap after
{Heap after GC invocations=21 (full 0):
 garbage-first heap   total 65536K, used 42513K [0x0000000085200000, 0x0000000100000000)
  region size 1024K, 2 young (2048K), 2 survivors (2048K)
 Metaspace       used 61103K, committed 61376K, reserved 1114112K
  class space    used 6976K, committed 7104K, reserved 1048576K
}
Event: 47.524 GC heap before
{Heap before GC invocations=21 (full 0):
 garbage-first heap   total 65536K, used 56849K [0x0000000085200000, 0x0000000100000000)
  region size 1024K, 16 young (16384K), 2 survivors (2048K)
 Metaspace       used 61525K, committed 61760K, reserved 1114112K
  class space    used 7008K, committed 7104K, reserved 1048576K
}
Event: 47.567 GC heap after
{Heap after GC invocations=22 (full 0):
 garbage-first heap   total 65536K, used 46484K [0x0000000085200000, 0x0000000100000000)
  region size 1024K, 2 young (2048K), 2 survivors (2048K)
 Metaspace       used 61525K, committed 61760K, reserved 1114112K
  class space    used 7008K, committed 7104K, reserved 1048576K
}
Event: 48.238 GC heap before
{Heap before GC invocations=23 (full 0):
 garbage-first heap   total 78848K, used 57748K [0x0000000085200000, 0x0000000100000000)
  region size 1024K, 13 young (13312K), 2 survivors (2048K)
 Metaspace       used 62430K, committed 62784K, reserved 1114112K
  class space    used 7089K, committed 7232K, reserved 1048576K
}
Event: 48.256 GC heap after
{Heap after GC invocations=24 (full 0):
 garbage-first heap   total 78848K, used 48427K [0x0000000085200000, 0x0000000100000000)
  region size 1024K, 2 young (2048K), 2 survivors (2048K)
 Metaspace       used 62430K, committed 62784K, reserved 1114112K
  class space    used 7089K, committed 7232K, reserved 1048576K
}
Event: 49.282 GC heap before
{Heap before GC invocations=24 (full 0):
 garbage-first heap   total 78848K, used 66859K [0x0000000085200000, 0x0000000100000000)
  region size 1024K, 20 young (20480K), 2 survivors (2048K)
 Metaspace       used 64104K, committed 64384K, reserved 1114112K
  class space    used 7168K, committed 7296K, reserved 1048576K
}

