# JRE version: OpenJDK Runtime Environment (21.0.6) (build 21.0.6+-13391695-b895.109)
# Java VM: OpenJDK 64-Bit Server VM (21.0.6+-13391695-b895.109, mixed mode, tiered, compressed oops, compressed class ptrs, g1 gc, windows-amd64)
GC Precious Log:
 CardTable entry size: 512
 Card Set container configuration: InlinePtr #cards 4 size 8 Array Of Cards #cards 32 size 80 Howl #buckets 8 coarsen threshold 7372 Howl Bitmap #cards 1024 size 144 coarsen threshold 921 Card regions per heap region 1 cards per card region 8192
 CPUs: 16 total, 16 available
 Memory: 7860M
 Large Page Support: Disabled
 NUMA Support: Disabled
 Compressed Oops: Enabled (Zero based)
 Heap Region Size: 4M
 Heap Min Capacity: 8M
 Heap Initial Capacity: 124M
 Heap Max Capacity: 8G
 Pre-touch: Disabled
 Parallel Workers: 13
 Concurrent Workers: 3
 Concurrent Refinement Workers: 13
 Periodic GC: Disabled
Heap:
 garbage-first heap   total 630784K, used 341800K [0x0000000600000000, 0x0000000800000000)
  region size 4096K, 14 young (57344K), 9 survivors (36864K)
 Metaspace       used 140115K, committed 142848K, reserved 1179648K
  class space    used 18550K, committed 19840K, reserved 1048576K
GC Heap History (20 events):
Event: 55.319 GC heap before
{Heap before GC invocations=69 (full 0):
 garbage-first heap   total 327680K, used 262622K [0x0000000600000000, 0x0000000800000000)
  region size 4096K, 20 young (81920K), 2 survivors (8192K)
 Metaspace       used 125433K, committed 127936K, reserved 1179648K
  class space    used 16918K, committed 18176K, reserved 1048576K
}
Event: 55.330 GC heap after
{Heap after GC invocations=70 (full 0):
 garbage-first heap   total 327680K, used 200704K [0x0000000600000000, 0x0000000800000000)
  region size 4096K, 3 young (12288K), 3 survivors (12288K)
 Metaspace       used 125433K, committed 127936K, reserved 1179648K
  class space    used 16918K, committed 18176K, reserved 1048576K
}
Event: 56.490 GC heap before
{Heap before GC invocations=70 (full 0):
 garbage-first heap   total 327680K, used 286720K [0x0000000600000000, 0x0000000800000000)
  region size 4096K, 25 young (102400K), 3 survivors (12288K)
 Metaspace       used 125599K, committed 128064K, reserved 1179648K
  class space    used 16940K, committed 18176K, reserved 1048576K
}
Event: 56.504 GC heap after
{Heap after GC invocations=71 (full 0):
 garbage-first heap   total 524288K, used 204200K [0x0000000600000000, 0x0000000800000000)
  region size 4096K, 3 young (12288K), 3 survivors (12288K)
 Metaspace       used 125599K, committed 128064K, reserved 1179648K
  class space    used 16940K, committed 18176K, reserved 1048576K
}
Event: 58.591 GC heap before
{Heap before GC invocations=71 (full 0):
 garbage-first heap   total 524288K, used 466344K [0x0000000600000000, 0x0000000800000000)
  region size 4096K, 68 young (278528K), 3 survivors (12288K)
 Metaspace       used 125820K, committed 128320K, reserved 1179648K
  class space    used 16973K, committed 18240K, reserved 1048576K
}
Event: 58.605 GC heap after
{Heap after GC invocations=72 (full 0):
 garbage-first heap   total 524288K, used 212057K [0x0000000600000000, 0x0000000800000000)
  region size 4096K, 5 young (20480K), 5 survivors (20480K)
 Metaspace       used 125820K, committed 128320K, reserved 1179648K
  class space    used 16973K, committed 18240K, reserved 1048576K
}
Event: 59.345 GC heap before
{Heap before GC invocations=72 (full 0):
 garbage-first heap   total 524288K, used 281689K [0x0000000600000000, 0x0000000800000000)
  region size 4096K, 24 young (98304K), 5 survivors (20480K)
 Metaspace       used 125907K, committed 128448K, reserved 1179648K
  class space    used 16983K, committed 18240K, reserved 1048576K
}
Event: 59.359 GC heap after
{Heap after GC invocations=73 (full 0):
 garbage-first heap   total 524288K, used 215347K [0x0000000600000000, 0x0000000800000000)
  region size 4096K, 6 young (24576K), 6 survivors (24576K)
 Metaspace       used 125907K, committed 128448K, reserved 1179648K
  class space    used 16983K, committed 18240K, reserved 1048576K
}
Event: 61.367 GC heap before
{Heap before GC invocations=74 (full 0):
 garbage-first heap   total 524288K, used 465203K [0x0000000600000000, 0x0000000800000000)
  region size 4096K, 67 young (274432K), 6 survivors (24576K)
 Metaspace       used 126335K, committed 128896K, reserved 1179648K
  class space    used 17026K, committed 18240K, reserved 1048576K
}
Event: 61.385 GC heap after
{Heap after GC invocations=75 (full 0):
 garbage-first heap   total 524288K, used 239720K [0x0000000600000000, 0x0000000800000000)
  region size 4096K, 9 young (36864K), 9 survivors (36864K)
 Metaspace       used 126335K, committed 128896K, reserved 1179648K
  class space    used 17026K, committed 18240K, reserved 1048576K
}
Event: 62.453 GC heap before
{Heap before GC invocations=75 (full 0):
 garbage-first heap   total 524288K, used 452712K [0x0000000600000000, 0x0000000800000000)
  region size 4096K, 62 young (253952K), 9 survivors (36864K)
 Metaspace       used 126681K, committed 129280K, reserved 1179648K
  class space    used 17061K, committed 18304K, reserved 1048576K
}
Event: 62.475 GC heap after
{Heap after GC invocations=76 (full 0):
 garbage-first heap   total 524288K, used 248169K [0x0000000600000000, 0x0000000800000000)
  region size 4096K, 4 young (16384K), 4 survivors (16384K)
 Metaspace       used 126681K, committed 129280K, reserved 1179648K
  class space    used 17061K, committed 18304K, reserved 1048576K
}
Event: 65.284 GC heap before
{Heap before GC invocations=76 (full 0):
 garbage-first heap   total 524288K, used 473449K [0x0000000600000000, 0x0000000800000000)
  region size 4096K, 60 young (245760K), 4 survivors (16384K)
 Metaspace       used 127106K, committed 129728K, reserved 1179648K
  class space    used 17107K, committed 18368K, reserved 1048576K
}
Event: 65.299 GC heap after
{Heap after GC invocations=77 (full 0):
 garbage-first heap   total 524288K, used 259824K [0x0000000600000000, 0x0000000800000000)
  region size 4096K, 7 young (28672K), 7 survivors (28672K)
 Metaspace       used 127106K, committed 129728K, reserved 1179648K
  class space    used 17107K, committed 18368K, reserved 1048576K
}
Event: 66.714 GC heap before
{Heap before GC invocations=78 (full 0):
 garbage-first heap   total 524288K, used 460528K [0x0000000600000000, 0x0000000800000000)
  region size 4096K, 57 young (233472K), 7 survivors (28672K)
 Metaspace       used 127477K, committed 130176K, reserved 1179648K
  class space    used 17154K, committed 18432K, reserved 1048576K
}
Event: 66.734 GC heap after
{Heap after GC invocations=79 (full 0):
 garbage-first heap   total 524288K, used 276768K [0x0000000600000000, 0x0000000800000000)
  region size 4096K, 8 young (32768K), 8 survivors (32768K)
 Metaspace       used 127477K, committed 130176K, reserved 1179648K
  class space    used 17154K, committed 18432K, reserved 1048576K
}
Event: 68.438 GC heap before
{Heap before GC invocations=79 (full 0):
 garbage-first heap   total 524288K, used 456992K [0x0000000600000000, 0x0000000800000000)
  region size 4096K, 53 young (217088K), 8 survivors (32768K)
 Metaspace       used 129236K, committed 131968K, reserved 1179648K
  class space    used 17395K, committed 18688K, reserved 1048576K
}
Event: 68.464 GC heap after
{Heap after GC invocations=80 (full 0):
 garbage-first heap   total 630784K, used 294182K [0x0000000600000000, 0x0000000800000000)
  region size 4096K, 5 young (20480K), 5 survivors (20480K)
 Metaspace       used 129236K, committed 131968K, reserved 1179648K
  class space    used 17395K, committed 18688K, reserved 1048576K
}
Event: 76.215 GC heap before
{Heap before GC invocations=80 (full 0):
 garbage-first heap   total 630784K, used 556326K [0x0000000600000000, 0x0000000800000000)
  region size 4096K, 70 young (286720K), 5 survivors (20480K)
 Metaspace       used 139757K, committed 142592K, reserved 1179648K
  class space    used 18497K, committed 19840K, reserved 1048576K
}
Event: 76.264 GC heap after
{Heap after GC invocations=81 (full 0):
 garbage-first heap   total 630784K, used 325416K [0x0000000600000000, 0x0000000800000000)
  region size 4096K, 9 young (36864K), 9 survivors (36864K)
 Metaspace       used 139757K, committed 142592K, reserved 1179648K
  class space    used 18497K, committed 19840K, reserved 1048576K
}

