# JRE version: OpenJDK Runtime Environment (21.0.6) (build 21.0.6+-13391695-b895.109)
# Java VM: OpenJDK 64-Bit Server VM (21.0.6+-13391695-b895.109, mixed mode, tiered, compressed oops, compressed class ptrs, g1 gc, windows-amd64)
GC Precious Log:
 CardTable entry size: 512
 Card Set container configuration: InlinePtr #cards 5 size 8 Array Of Cards #cards 12 size 40 Howl #buckets 4 coarsen threshold 1843 Howl Bitmap #cards 512 size 80 coarsen threshold 460 Card regions per heap region 1 cards per card region 2048
 CPUs: 16 total, 16 available
 Memory: 7860M
 Large Page Support: Disabled
 NUMA Support: Disabled
 Compressed Oops: Enabled (32-bit)
 Heap Region Size: 1M
 Heap Min Capacity: 8M
 Heap Initial Capacity: 124M
 Heap Max Capacity: 1966M
 Pre-touch: Disabled
 Parallel Workers: 13
 Concurrent Workers: 3
 Concurrent Refinement Workers: 13
 Periodic GC: Disabled
Heap:
 garbage-first heap   total 73728K, used 48800K [0x0000000085200000, 0x0000000100000000)
  region size 1024K, 3 young (3072K), 3 survivors (3072K)
 Metaspace       used 68785K, committed 69184K, reserved 1114112K
  class space    used 8009K, committed 8192K, reserved 1048576K
GC Heap History (20 events):
Event: 38.825 GC heap after
{Heap after GC invocations=12 (full 0):
 garbage-first heap   total 40960K, used 24131K [0x0000000085200000, 0x0000000100000000)
  region size 1024K, 2 young (2048K), 2 survivors (2048K)
 Metaspace       used 45571K, committed 45824K, reserved 1114112K
  class space    used 5355K, committed 5504K, reserved 1048576K
}
Event: 39.928 GC heap before
{Heap before GC invocations=12 (full 0):
 garbage-first heap   total 40960K, used 34371K [0x0000000085200000, 0x0000000100000000)
  region size 1024K, 12 young (12288K), 2 survivors (2048K)
 Metaspace       used 48270K, committed 48576K, reserved 1114112K
  class space    used 5621K, committed 5760K, reserved 1048576K
}
Event: 39.937 GC heap after
{Heap after GC invocations=13 (full 0):
 garbage-first heap   total 40960K, used 24596K [0x0000000085200000, 0x0000000100000000)
  region size 1024K, 2 young (2048K), 2 survivors (2048K)
 Metaspace       used 48270K, committed 48576K, reserved 1114112K
  class space    used 5621K, committed 5760K, reserved 1048576K
}
Event: 42.048 GC heap before
{Heap before GC invocations=13 (full 0):
 garbage-first heap   total 40960K, used 33812K [0x0000000085200000, 0x0000000100000000)
  region size 1024K, 12 young (12288K), 2 survivors (2048K)
 Metaspace       used 50857K, committed 51136K, reserved 1114112K
  class space    used 5883K, committed 6016K, reserved 1048576K
}
Event: 42.054 GC heap after
{Heap after GC invocations=14 (full 0):
 garbage-first heap   total 40960K, used 25197K [0x0000000085200000, 0x0000000100000000)
  region size 1024K, 1 young (1024K), 1 survivors (1024K)
 Metaspace       used 50857K, committed 51136K, reserved 1114112K
  class space    used 5883K, committed 6016K, reserved 1048576K
}
Event: 43.388 GC heap before
{Heap before GC invocations=15 (full 0):
 garbage-first heap   total 43008K, used 35437K [0x0000000085200000, 0x0000000100000000)
  region size 1024K, 12 young (12288K), 1 survivors (1024K)
 Metaspace       used 52922K, committed 53184K, reserved 1114112K
  class space    used 6107K, committed 6208K, reserved 1048576K
}
Event: 43.392 GC heap after
{Heap after GC invocations=16 (full 0):
 garbage-first heap   total 43008K, used 26901K [0x0000000085200000, 0x0000000100000000)
  region size 1024K, 2 young (2048K), 2 survivors (2048K)
 Metaspace       used 52922K, committed 53184K, reserved 1114112K
  class space    used 6107K, committed 6208K, reserved 1048576K
}
Event: 43.853 GC heap before
{Heap before GC invocations=16 (full 0):
 garbage-first heap   total 43008K, used 36117K [0x0000000085200000, 0x0000000100000000)
  region size 1024K, 12 young (12288K), 2 survivors (2048K)
 Metaspace       used 55502K, committed 55744K, reserved 1114112K
  class space    used 6392K, committed 6528K, reserved 1048576K
}
Event: 43.860 GC heap after
{Heap after GC invocations=17 (full 0):
 garbage-first heap   total 43008K, used 27425K [0x0000000085200000, 0x0000000100000000)
  region size 1024K, 1 young (1024K), 1 survivors (1024K)
 Metaspace       used 55502K, committed 55744K, reserved 1114112K
  class space    used 6392K, committed 6528K, reserved 1048576K
}
Event: 46.008 GC heap before
{Heap before GC invocations=17 (full 0):
 garbage-first heap   total 43008K, used 38689K [0x0000000085200000, 0x0000000100000000)
  region size 1024K, 12 young (12288K), 1 survivors (1024K)
 Metaspace       used 59587K, committed 59904K, reserved 1114112K
  class space    used 6920K, committed 7040K, reserved 1048576K
}
Event: 46.048 GC heap after
{Heap after GC invocations=18 (full 0):
 garbage-first heap   total 60416K, used 28046K [0x0000000085200000, 0x0000000100000000)
  region size 1024K, 2 young (2048K), 2 survivors (2048K)
 Metaspace       used 59587K, committed 59904K, reserved 1114112K
  class space    used 6920K, committed 7040K, reserved 1048576K
}
Event: 46.465 GC heap before
{Heap before GC invocations=19 (full 0):
 garbage-first heap   total 60416K, used 51598K [0x0000000085200000, 0x0000000100000000)
  region size 1024K, 25 young (25600K), 2 survivors (2048K)
 Metaspace       used 60394K, committed 60608K, reserved 1114112K
  class space    used 7026K, committed 7104K, reserved 1048576K
}
Event: 46.509 GC heap after
{Heap after GC invocations=20 (full 0):
 garbage-first heap   total 62464K, used 36768K [0x0000000085200000, 0x0000000100000000)
  region size 1024K, 4 young (4096K), 4 survivors (4096K)
 Metaspace       used 60394K, committed 60608K, reserved 1114112K
  class space    used 7026K, committed 7104K, reserved 1048576K
}
Event: 47.372 GC heap before
{Heap before GC invocations=20 (full 0):
 garbage-first heap   total 62464K, used 53152K [0x0000000085200000, 0x0000000100000000)
  region size 1024K, 20 young (20480K), 4 survivors (4096K)
 Metaspace       used 61602K, committed 61952K, reserved 1114112K
  class space    used 7109K, committed 7296K, reserved 1048576K
}
Event: 47.408 GC heap after
{Heap after GC invocations=21 (full 0):
 garbage-first heap   total 62464K, used 40960K [0x0000000085200000, 0x0000000100000000)
  region size 1024K, 3 young (3072K), 3 survivors (3072K)
 Metaspace       used 61602K, committed 61952K, reserved 1114112K
  class space    used 7109K, committed 7296K, reserved 1048576K
}
Event: 48.744 GC heap before
{Heap before GC invocations=21 (full 0):
 garbage-first heap   total 62464K, used 53248K [0x0000000085200000, 0x0000000100000000)
  region size 1024K, 15 young (15360K), 3 survivors (3072K)
 Metaspace       used 65023K, committed 65344K, reserved 1114112K
  class space    used 7590K, committed 7744K, reserved 1048576K
}
Event: 48.751 GC heap after
{Heap after GC invocations=22 (full 0):
 garbage-first heap   total 62464K, used 42795K [0x0000000085200000, 0x0000000100000000)
  region size 1024K, 2 young (2048K), 2 survivors (2048K)
 Metaspace       used 65023K, committed 65344K, reserved 1114112K
  class space    used 7590K, committed 7744K, reserved 1048576K
}
Event: 49.176 GC heap before
{Heap before GC invocations=23 (full 0):
 garbage-first heap   total 73728K, used 54059K [0x0000000085200000, 0x0000000100000000)
  region size 1024K, 13 young (13312K), 2 survivors (2048K)
 Metaspace       used 67485K, committed 67904K, reserved 1114112K
  class space    used 7866K, committed 8064K, reserved 1048576K
}
Event: 49.184 GC heap after
{Heap after GC invocations=24 (full 0):
 garbage-first heap   total 73728K, used 44344K [0x0000000085200000, 0x0000000100000000)
  region size 1024K, 2 young (2048K), 2 survivors (2048K)
 Metaspace       used 67485K, committed 67904K, reserved 1114112K
  class space    used 7866K, committed 8064K, reserved 1048576K
}
Event: 49.580 GC heap before
{Heap before GC invocations=24 (full 0):
 garbage-first heap   total 73728K, used 62776K [0x0000000085200000, 0x0000000100000000)
  region size 1024K, 21 young (21504K), 2 survivors (2048K)
 Metaspace       used 68785K, committed 69184K, reserved 1114112K
  class space    used 8009K, committed 8192K, reserved 1048576K
}

