# JRE version: OpenJDK Runtime Environment (21.0.6) (build 21.0.6+-13391695-b895.109)
# Java VM: OpenJDK 64-Bit Server VM (21.0.6+-13391695-b895.109, mixed mode, tiered, compressed oops, compressed class ptrs, g1 gc, windows-amd64)
GC Precious Log:
 CardTable entry size: 512
 Card Set container configuration: InlinePtr #cards 4 size 8 Array Of Cards #cards 32 size 80 Howl #buckets 8 coarsen threshold 7372 Howl Bitmap #cards 1024 size 144 coarsen threshold 921 Card regions per heap region 1 cards per card region 8192
 CPUs: 16 total, 16 available
 Memory: 7860M
 Large Page Support: Disabled
 NUMA Support: Disabled
 Compressed Oops: Enabled (Zero based)
 Heap Region Size: 4M
 Heap Min Capacity: 8M
 Heap Initial Capacity: 124M
 Heap Max Capacity: 8G
 Pre-touch: Disabled
 Parallel Workers: 13
 Concurrent Workers: 3
 Concurrent Refinement Workers: 13
 Periodic GC: Disabled
Heap:
 garbage-first heap   total 516096K, used 332545K [0x0000000600000000, 0x0000000800000000)
  region size 4096K, 1 young (4096K), 1 survivors (4096K)
 Metaspace       used 241880K, committed 244672K, reserved 1310720K
  class space    used 30436K, committed 31808K, reserved 1048576K
GC Heap History (20 events):
Event: 37.023 GC heap after
{Heap after GC invocations=69 (full 0):
 garbage-first heap   total 356352K, used 226377K [0x0000000600000000, 0x0000000800000000)
  region size 4096K, 4 young (16384K), 4 survivors (16384K)
 Metaspace       used 136808K, committed 139328K, reserved 1179648K
  class space    used 18186K, committed 19392K, reserved 1048576K
}
Event: 89.680 GC heap before
{Heap before GC invocations=69 (full 0):
 garbage-first heap   total 356352K, used 312393K [0x0000000600000000, 0x0000000800000000)
  region size 4096K, 26 young (106496K), 4 survivors (16384K)
 Metaspace       used 138459K, committed 140928K, reserved 1179648K
  class space    used 18400K, committed 19648K, reserved 1048576K
}
Event: 89.790 GC heap after
{Heap after GC invocations=70 (full 0):
 garbage-first heap   total 430080K, used 238887K [0x0000000600000000, 0x0000000800000000)
  region size 4096K, 3 young (12288K), 3 survivors (12288K)
 Metaspace       used 138459K, committed 140928K, reserved 1179648K
  class space    used 18400K, committed 19648K, reserved 1048576K
}
Event: 96.400 GC heap before
{Heap before GC invocations=71 (full 0):
 garbage-first heap   total 430080K, used 378151K [0x0000000600000000, 0x0000000800000000)
  region size 4096K, 38 young (155648K), 3 survivors (12288K)
 Metaspace       used 140106K, committed 142656K, reserved 1179648K
  class space    used 18566K, committed 19840K, reserved 1048576K
}
Event: 96.421 GC heap after
{Heap after GC invocations=72 (full 0):
 garbage-first heap   total 430080K, used 247833K [0x0000000600000000, 0x0000000800000000)
  region size 4096K, 3 young (12288K), 3 survivors (12288K)
 Metaspace       used 140106K, committed 142656K, reserved 1179648K
  class space    used 18566K, committed 19840K, reserved 1048576K
}
Event: 100.807 GC heap before
{Heap before GC invocations=72 (full 0):
 garbage-first heap   total 430080K, used 387097K [0x0000000600000000, 0x0000000800000000)
  region size 4096K, 37 young (151552K), 3 survivors (12288K)
 Metaspace       used 144185K, committed 146752K, reserved 1179648K
  class space    used 18968K, committed 20224K, reserved 1048576K
}
Event: 100.945 GC heap after
{Heap after GC invocations=73 (full 0):
 garbage-first heap   total 430080K, used 255329K [0x0000000600000000, 0x0000000800000000)
  region size 4096K, 3 young (12288K), 3 survivors (12288K)
 Metaspace       used 144185K, committed 146752K, reserved 1179648K
  class space    used 18968K, committed 20224K, reserved 1048576K
}
Event: 108.046 GC heap before
{Heap before GC invocations=73 (full 0):
 garbage-first heap   total 430080K, used 386401K [0x0000000600000000, 0x0000000800000000)
  region size 4096K, 36 young (147456K), 3 survivors (12288K)
 Metaspace       used 147026K, committed 149632K, reserved 1179648K
  class space    used 19287K, committed 20544K, reserved 1048576K
}
Event: 108.096 GC heap after
{Heap after GC invocations=74 (full 0):
 garbage-first heap   total 430080K, used 268235K [0x0000000600000000, 0x0000000800000000)
  region size 4096K, 5 young (20480K), 5 survivors (20480K)
 Metaspace       used 147026K, committed 149632K, reserved 1179648K
  class space    used 19287K, committed 20544K, reserved 1048576K
}
Event: 142.056 GC heap before
{Heap before GC invocations=75 (full 0):
 garbage-first heap   total 487424K, used 481227K [0x0000000600000000, 0x0000000800000000)
  region size 4096K, 28 young (114688K), 5 survivors (20480K)
 Metaspace       used 148846K, committed 151424K, reserved 1245184K
  class space    used 19507K, committed 20800K, reserved 1048576K
}
Event: 142.401 GC heap after
{Heap after GC invocations=76 (full 0):
 garbage-first heap   total 512000K, used 269725K [0x0000000600000000, 0x0000000800000000)
  region size 4096K, 3 young (12288K), 3 survivors (12288K)
 Metaspace       used 148846K, committed 151424K, reserved 1245184K
  class space    used 19507K, committed 20800K, reserved 1048576K
}
Event: 149.630 GC heap before
{Heap before GC invocations=76 (full 0):
 garbage-first heap   total 512000K, used 470429K [0x0000000600000000, 0x0000000800000000)
  region size 4096K, 51 young (208896K), 3 survivors (12288K)
 Metaspace       used 172516K, committed 175232K, reserved 1245184K
  class space    used 21872K, committed 23232K, reserved 1048576K
}
Event: 149.693 GC heap after
{Heap after GC invocations=77 (full 0):
 garbage-first heap   total 516096K, used 287061K [0x0000000600000000, 0x0000000800000000)
  region size 4096K, 6 young (24576K), 6 survivors (24576K)
 Metaspace       used 172516K, committed 175232K, reserved 1245184K
  class space    used 21872K, committed 23232K, reserved 1048576K
}
Event: 151.737 GC heap before
{Heap before GC invocations=77 (full 0):
 garbage-first heap   total 516096K, used 446805K [0x0000000600000000, 0x0000000800000000)
  region size 4096K, 46 young (188416K), 6 survivors (24576K)
 Metaspace       used 189974K, committed 192704K, reserved 1245184K
  class space    used 24262K, committed 25600K, reserved 1048576K
}
Event: 151.763 GC heap after
{Heap after GC invocations=78 (full 0):
 garbage-first heap   total 516096K, used 303381K [0x0000000600000000, 0x0000000800000000)
  region size 4096K, 5 young (20480K), 5 survivors (20480K)
 Metaspace       used 189974K, committed 192704K, reserved 1245184K
  class space    used 24262K, committed 25600K, reserved 1048576K
}
Event: 155.874 GC heap before
{Heap before GC invocations=79 (full 0):
 garbage-first heap   total 516096K, used 463125K [0x0000000600000000, 0x0000000800000000)
  region size 4096K, 44 young (180224K), 5 survivors (20480K)
 Metaspace       used 218061K, committed 220800K, reserved 1245184K
  class space    used 27771K, committed 29120K, reserved 1048576K
}
Event: 155.890 GC heap after
{Heap after GC invocations=80 (full 0):
 garbage-first heap   total 516096K, used 317538K [0x0000000600000000, 0x0000000800000000)
  region size 4096K, 4 young (16384K), 4 survivors (16384K)
 Metaspace       used 218061K, committed 220800K, reserved 1245184K
  class space    used 27771K, committed 29120K, reserved 1048576K
}
Event: 160.027 GC heap before
{Heap before GC invocations=80 (full 0):
 garbage-first heap   total 516096K, used 464994K [0x0000000600000000, 0x0000000800000000)
  region size 4096K, 41 young (167936K), 4 survivors (16384K)
 Metaspace       used 240428K, committed 243200K, reserved 1310720K
  class space    used 30248K, committed 31616K, reserved 1048576K
}
Event: 160.087 GC heap after
{Heap after GC invocations=81 (full 0):
 garbage-first heap   total 516096K, used 326567K [0x0000000600000000, 0x0000000800000000)
  region size 4096K, 6 young (24576K), 6 survivors (24576K)
 Metaspace       used 240428K, committed 243200K, reserved 1310720K
  class space    used 30248K, committed 31616K, reserved 1048576K
}
Event: 160.579 GC heap before
{Heap before GC invocations=81 (full 0):
 garbage-first heap   total 516096K, used 334759K [0x0000000600000000, 0x0000000800000000)
  region size 4096K, 9 young (36864K), 6 survivors (24576K)
 Metaspace       used 241880K, committed 244672K, reserved 1310720K
  class space    used 30436K, committed 31808K, reserved 1048576K
}

